Using pre-set license
Built from '2020.3/staging' branch; Version is '2020.3.28f1 (f5400f52e03f) revision 16072719'; Using compiler version '192528614'; Build Type 'Release'
OS: 'Windows 11  (10.0.22000) 64bit Professional' Language: 'en' Physical Memory: 16321 MB
BatchMode: 1, IsHumanControllingUs: 0, StartBugReporterOnCrash: 0, Is64bit: 1, IsPro: 0

COMMAND LINE ARGUMENTS:
C:\Program Files\Unity\Hub\Editor\2020.3.28f1\Editor\Unity.exe
-adb2
-batchMode
-noUpm
-name
AssetImportWorker1
-projectPath
C:/Users/milos/Desktop/Unity/Projects/Game
-logFile
Logs/AssetImportWorker1.log
-srvPort
55207
Successfully changed project path to: C:/Users/milos/Desktop/Unity/Projects/Game
C:/Users/milos/Desktop/Unity/Projects/Game
Using Asset Import Pipeline V2.
Refreshing native plugins compatible for Editor in 79.59 ms, found 3 plugins.
Preloading 0 native plugins for Editor in 0.00 ms.
Initialize engine version: 2020.3.28f1 (f5400f52e03f)
[Subsystems] Discovering subsystems at path C:/Program Files/Unity/Hub/Editor/2020.3.28f1/Editor/Data/Resources/UnitySubsystems
[Subsystems] Discovering subsystems at path C:/Users/milos/Desktop/Unity/Projects/Game/Assets
GfxDevice: creating device client; threaded=0
Direct3D:
    Version:  Direct3D 11.0 [level 11.1]
    Renderer: NVIDIA GeForce GTX 1060 6GB (ID=0x1c03)
    Vendor:   
    VRAM:     6052 MB
    Driver:   30.0.14.9729
Initialize mono
Mono path[0] = 'C:/Program Files/Unity/Hub/Editor/2020.3.28f1/Editor/Data/Managed'
Mono path[1] = 'C:/Program Files/Unity/Hub/Editor/2020.3.28f1/Editor/Data/MonoBleedingEdge/lib/mono/unityjit'
Mono config path = 'C:/Program Files/Unity/Hub/Editor/2020.3.28f1/Editor/Data/MonoBleedingEdge/etc'
Using monoOptions --debugger-agent=transport=dt_socket,embedding=1,server=y,suspend=n,address=127.0.0.1:56636
Begin MonoManager ReloadAssembly
Registering precompiled unity dll's ...
Register platform support module: C:/Program Files/Unity/Hub/Editor/2020.3.28f1/Editor/Data/PlaybackEngines/WindowsStandaloneSupport/UnityEditor.WindowsStandalone.Extensions.dll
Registered in 0.001580 seconds.
Native extension for WindowsStandalone target not found
Refreshing native plugins compatible for Editor in 72.32 ms, found 3 plugins.
Preloading 0 native plugins for Editor in 0.00 ms.
Mono: successfully reloaded assembly
- Completed reload, in  0.544 seconds
Domain Reload Profiling:
	ReloadAssembly (544ms)
		BeginReloadAssembly (66ms)
			ExecutionOrderSort (0ms)
			DisableScriptedObjects (0ms)
			BackupInstance (0ms)
			ReleaseScriptingObjects (0ms)
			CreateAndSetChildDomain (1ms)
		EndReloadAssembly (417ms)
			LoadAssemblies (64ms)
			RebuildTransferFunctionScriptingTraits (0ms)
			SetupTypeCache (129ms)
			ReleaseScriptCaches (0ms)
			RebuildScriptCaches (25ms)
			SetupLoadedEditorAssemblies (182ms)
				LogAssemblyErrors (0ms)
				InitializePlatformSupportModulesInManaged (4ms)
				SetLoadedEditorAssemblies (0ms)
				RefreshPlugins (72ms)
				BeforeProcessingInitializeOnLoad (13ms)
				ProcessInitializeOnLoadAttributes (69ms)
				ProcessInitializeOnLoadMethodAttributes (24ms)
				AfterProcessingInitializeOnLoad (0ms)
				EditorAssembliesLoaded (0ms)
			ExecutionOrderSort2 (0ms)
			AwakeInstancesAfterBackupRestoration (0ms)
Platform modules already initialized, skipping
Registering precompiled user dll's ...
Registered in 0.006061 seconds.
Begin MonoManager ReloadAssembly
Native extension for WindowsStandalone target not found
Refreshing native plugins compatible for Editor in 78.39 ms, found 3 plugins.
Preloading 0 native plugins for Editor in 0.00 ms.
Mono: successfully reloaded assembly
- Completed reload, in  2.044 seconds
Domain Reload Profiling:
	ReloadAssembly (2044ms)
		BeginReloadAssembly (139ms)
			ExecutionOrderSort (0ms)
			DisableScriptedObjects (5ms)
			BackupInstance (0ms)
			ReleaseScriptingObjects (0ms)
			CreateAndSetChildDomain (17ms)
		EndReloadAssembly (1850ms)
			LoadAssemblies (108ms)
			RebuildTransferFunctionScriptingTraits (0ms)
			SetupTypeCache (346ms)
			ReleaseScriptCaches (1ms)
			RebuildScriptCaches (82ms)
			SetupLoadedEditorAssemblies (1223ms)
				LogAssemblyErrors (0ms)
				InitializePlatformSupportModulesInManaged (3ms)
				SetLoadedEditorAssemblies (0ms)
				RefreshPlugins (78ms)
				BeforeProcessingInitializeOnLoad (105ms)
				ProcessInitializeOnLoadAttributes (1019ms)
				ProcessInitializeOnLoadMethodAttributes (12ms)
				AfterProcessingInitializeOnLoad (5ms)
				EditorAssembliesLoaded (0ms)
			ExecutionOrderSort2 (0ms)
			AwakeInstancesAfterBackupRestoration (5ms)
Platform modules already initialized, skipping
========================================================================
Worker process is ready to serve import requests
Launched and connected shader compiler UnityShaderCompiler.exe after 0.06 seconds
Refreshing native plugins compatible for Editor in 0.78 ms, found 3 plugins.
Preloading 0 native plugins for Editor in 0.00 ms.
Unloading 4852 Unused Serialized files (Serialized files now loaded: 0)
System memory in use before: 284.7 MB.
System memory in use after: 284.8 MB.

Unloading 36 unused Assets to reduce memory usage. Loaded Objects now: 5301.
Total: 3.521700 ms (FindLiveObjects: 0.303700 ms CreateObjectMapping: 0.232900 ms MarkObjects: 2.870300 ms  DeleteObjects: 0.114200 ms)

AssetImportParameters requested are different than current active one (requested -> active):
  custom:framework-win-MediaFoundation: 216162199b28c13a410421893ffa2e32 -> 
  custom:video-decoder-ogg-theora: a1e56fd34408186e4bbccfd4996cb3dc -> 
  custom:container-muxer-webm: aa71ff27fc2769a1b78a27578f13a17b -> 
  custom:container-demuxer-webm: 4f35f7cbe854078d1ac9338744f61a02 -> 
  custom:container-demuxer-ogg: 62fdf1f143b41e24485cea50d1cbac27 -> 
  custom:video-encoder-webm-vp8: eb34c28f22e8b96e1ab97ce403110664 -> 
  custom:video-codec-MediaFoundation-h265: 746d11721c4dcdbdad8f713fa42b33f4 -> 
  custom:video-decoder-webm-vp8: 9c59270c3fd7afecdb556c50c9e8de78 -> 
  custom:audio-decoder-ogg-vorbis: bf7c407c2cedff20999df2af8eb42d56 -> 
  custom:audio-encoder-webm-vorbis: bf7c407c2cedff20999df2af8eb42d56 -> 
========================================================================
Received Import Request.
  path: Assets/Player/Anim/ThirdPersonShooter.controller
  artifactKey: Guid(3f10a03d136f9b045ba2b56fa5530bbc) Importer(815301076,1909f56bfc062723c751e8b465ee728b)
Start importing Assets/Player/Anim/ThirdPersonShooter.controller using Guid(3f10a03d136f9b045ba2b56fa5530bbc) Importer(815301076,1909f56bfc062723c751e8b465ee728b)  -> (artifact id: 'bbbb46d121510d0c313be67306d6fd3e') in 0.040473 seconds 
  Import took 0.047038 seconds .

========================================================================
Received Import Request.
  Time since last request: 76.448772 seconds.
  path: Assets/EffectExamples/Misc Effects/Animations/@EllenIdle.fbx
  artifactKey: Guid(73e3d6d0fdcfc1d4483701317ca34665) Importer(815301076,1909f56bfc062723c751e8b465ee728b)
Start importing Assets/EffectExamples/Misc Effects/Animations/@EllenIdle.fbx using Guid(73e3d6d0fdcfc1d4483701317ca34665) Importer(815301076,1909f56bfc062723c751e8b465ee728b)  -> (artifact id: 'db8e941646aeab22d6c5d9e589250550') in 0.230770 seconds 
  Import took 0.238159 seconds .

========================================================================
Received Import Request.
  Time since last request: 0.000264 seconds.
  path: Assets/Player/Anim/Male/Animations/Aerial/Landing/m@FallLandRoll.fbx
  artifactKey: Guid(94adbde1a3459e94bbd1d1024de71ff1) Importer(815301076,1909f56bfc062723c751e8b465ee728b)
Start importing Assets/Player/Anim/Male/Animations/Aerial/Landing/m@FallLandRoll.fbx using Guid(94adbde1a3459e94bbd1d1024de71ff1) Importer(815301076,1909f56bfc062723c751e8b465ee728b)  -> (artifact id: 'fabbd02f51d4af612f6f3ce572f9935f') in 0.038694 seconds 
  Import took 0.045774 seconds .

========================================================================
Received Import Request.
  Time since last request: 0.000220 seconds.
  path: Assets/Player/Anim/Male/Animations/Strafe/Turning/TurnRight/m@RapidStrafeForwardsTurnRight.fbx
  artifactKey: Guid(519ac74a9a58842de9f11bdf65da77f7) Importer(815301076,1909f56bfc062723c751e8b465ee728b)
Start importing Assets/Player/Anim/Male/Animations/Strafe/Turning/TurnRight/m@RapidStrafeForwardsTurnRight.fbx using Guid(519ac74a9a58842de9f11bdf65da77f7) Importer(815301076,1909f56bfc062723c751e8b465ee728b)  -> (artifact id: '20d13b637ab07f09d1075d67765b8034') in 0.017002 seconds 
  Import took 0.026225 seconds .

========================================================================
Received Import Request.
  Time since last request: 0.000273 seconds.
  path: Assets/Player/Anim/Male/Animations/Strafe/Turning/RapidTurnRight/m@RapidStrafeForwardsRapidTurnRight.fbx
  artifactKey: Guid(ef9daf9d97bc94146bbe2a462b106633) Importer(815301076,1909f56bfc062723c751e8b465ee728b)
Start importing Assets/Player/Anim/Male/Animations/Strafe/Turning/RapidTurnRight/m@RapidStrafeForwardsRapidTurnRight.fbx using Guid(ef9daf9d97bc94146bbe2a462b106633) Importer(815301076,1909f56bfc062723c751e8b465ee728b)  -> (artifact id: 'b4fda00327317bef937da23b186b441d') in 0.017572 seconds 
  Import took 0.030828 seconds .

========================================================================
Received Import Request.
  Time since last request: 0.000193 seconds.
  path: Assets/Player/Anim/Male/Animations/Strafe/Turning/RapidTurnLeft/m@RapidStrafeRightRapidTurnLeftRunBackwards.fbx
  artifactKey: Guid(de9c5d3b2a4b1fa4ebd7d9edb4538c70) Importer(815301076,1909f56bfc062723c751e8b465ee728b)
Start importing Assets/Player/Anim/Male/Animations/Strafe/Turning/RapidTurnLeft/m@RapidStrafeRightRapidTurnLeftRunBackwards.fbx using Guid(de9c5d3b2a4b1fa4ebd7d9edb4538c70) Importer(815301076,1909f56bfc062723c751e8b465ee728b)  -> (artifact id: '37ed0bac7dc4f2d91d086b37c6f8e3ae') in 0.012953 seconds 
  Import took 0.019694 seconds .

========================================================================
Received Import Request.
  Time since last request: 0.000122 seconds.
  path: Assets/Player/Anim/Male/Animations/Strafe/m@RapidStrafeRight.fbx
  artifactKey: Guid(4eb6fc449fe1244efadf654d6bc88df6) Importer(815301076,1909f56bfc062723c751e8b465ee728b)
Start importing Assets/Player/Anim/Male/Animations/Strafe/m@RapidStrafeRight.fbx using Guid(4eb6fc449fe1244efadf654d6bc88df6) Importer(815301076,1909f56bfc062723c751e8b465ee728b)  -> (artifact id: 'f4ce1545996ec58d4efcfb5a9a0c769c') in 0.010955 seconds 
  Import took 0.018053 seconds .

========================================================================
Received Import Request.
  Time since last request: 0.000151 seconds.
  path: Assets/Player/Anim/Male/Animations/Strafe/Turning/RapidTurnLeft/m@RapidStrafeRightRapidTurnLeftRunForward.fbx
  artifactKey: Guid(abe59bb881557c140a1ab2de44c90b7a) Importer(815301076,1909f56bfc062723c751e8b465ee728b)
Start importing Assets/Player/Anim/Male/Animations/Strafe/Turning/RapidTurnLeft/m@RapidStrafeRightRapidTurnLeftRunForward.fbx using Guid(abe59bb881557c140a1ab2de44c90b7a) Importer(815301076,1909f56bfc062723c751e8b465ee728b)  -> (artifact id: 'ef376b91314366b6a8820f6564c8de6a') in 0.012939 seconds 
  Import took 0.019788 seconds .

========================================================================
Received Import Request.
  Time since last request: 0.000164 seconds.
  path: Assets/Player/Anim/Male/Animations/Strafe/Turning/TurnLeft/m@RapidStrafeForwardsTurnLeft.fbx
  artifactKey: Guid(745b09a2ccfe8594c83d3af61934d84e) Importer(815301076,1909f56bfc062723c751e8b465ee728b)
Start importing Assets/Player/Anim/Male/Animations/Strafe/Turning/TurnLeft/m@RapidStrafeForwardsTurnLeft.fbx using Guid(745b09a2ccfe8594c83d3af61934d84e) Importer(815301076,1909f56bfc062723c751e8b465ee728b)  -> (artifact id: 'd42e85348a6e447d476a0754814f3a9a') in 0.014452 seconds 
  Import took 0.021432 seconds .

========================================================================
Received Import Request.
  Time since last request: 0.000198 seconds.
  path: Assets/Player/Anim/Male/Animations/Strafe/Turning/RapidTurnLeft/m@RapidStrafeRightRapidTurnLeft.fbx
  artifactKey: Guid(53437e657b1d03041864b7399295663c) Importer(815301076,1909f56bfc062723c751e8b465ee728b)
Start importing Assets/Player/Anim/Male/Animations/Strafe/Turning/RapidTurnLeft/m@RapidStrafeRightRapidTurnLeft.fbx using Guid(53437e657b1d03041864b7399295663c) Importer(815301076,1909f56bfc062723c751e8b465ee728b)  -> (artifact id: 'a422d8dbedb6fb8e251026c94b170f5e') in 0.014590 seconds 
  Import took 0.022461 seconds .

========================================================================
Received Import Request.
  Time since last request: 0.000174 seconds.
  path: Assets/Player/Anim/Male/Animations/Strafe/Turning/TurnRight/m@RapidStrafeBackwardsTurnRight.fbx
  artifactKey: Guid(a4aa45c3581694e9a8a0695d48b66e3e) Importer(815301076,1909f56bfc062723c751e8b465ee728b)
Start importing Assets/Player/Anim/Male/Animations/Strafe/Turning/TurnRight/m@RapidStrafeBackwardsTurnRight.fbx using Guid(a4aa45c3581694e9a8a0695d48b66e3e) Importer(815301076,1909f56bfc062723c751e8b465ee728b)  -> (artifact id: '7bd546b622786ba731685415e8821ea9') in 0.012515 seconds 
  Import took 0.019079 seconds .

========================================================================
Received Import Request.
  Time since last request: 0.000168 seconds.
  path: Assets/Player/blender/PlayerCharacter (2).fbx
  artifactKey: Guid(4c1af766677890a4eba868be216b8d64) Importer(815301076,1909f56bfc062723c751e8b465ee728b)
Start importing Assets/Player/blender/PlayerCharacter (2).fbx using Guid(4c1af766677890a4eba868be216b8d64) Importer(815301076,1909f56bfc062723c751e8b465ee728b)  -> (artifact id: 'f734e9f602b412767ac5aa86f9aa8c4a') in 0.251303 seconds 
  Import took 0.257929 seconds .

========================================================================
Received Import Request.
  Time since last request: 0.000137 seconds.
  path: Assets/Player/Anim/Male/Animations/Aerial/m@Falling.fbx
  artifactKey: Guid(b2e335125ba714f65bdbc46186251274) Importer(815301076,1909f56bfc062723c751e8b465ee728b)
Start importing Assets/Player/Anim/Male/Animations/Aerial/m@Falling.fbx using Guid(b2e335125ba714f65bdbc46186251274) Importer(815301076,1909f56bfc062723c751e8b465ee728b)  -> (artifact id: 'e5cf688e72342a5b292b328dad147f03') in 0.014157 seconds 
  Import took 0.020830 seconds .

========================================================================
Received Import Request.
  Time since last request: 0.000141 seconds.
  path: Assets/Player/Anim/Male/Animations/Strafe/Turning/RapidTurnLeft/m@RapidStrafeRightRapidTurnLeftWalkForwards.fbx
  artifactKey: Guid(23bfa9f13f7b75f45a0771a497cbb48e) Importer(815301076,1909f56bfc062723c751e8b465ee728b)
Start importing Assets/Player/Anim/Male/Animations/Strafe/Turning/RapidTurnLeft/m@RapidStrafeRightRapidTurnLeftWalkForwards.fbx using Guid(23bfa9f13f7b75f45a0771a497cbb48e) Importer(815301076,1909f56bfc062723c751e8b465ee728b)  -> (artifact id: 'cb71e4b869c7c55cb7ce4413cc68137d') in 0.015164 seconds 
  Import took 0.021764 seconds .

========================================================================
Received Import Request.
  Time since last request: 0.000183 seconds.
  path: Assets/Player/Anim/Male/Animations/Exploration/Turning/m@IdleLeftTurn180.fbx
  artifactKey: Guid(9956fa61c80270048ab0f59f8054c7e3) Importer(815301076,1909f56bfc062723c751e8b465ee728b)
Start importing Assets/Player/Anim/Male/Animations/Exploration/Turning/m@IdleLeftTurn180.fbx using Guid(9956fa61c80270048ab0f59f8054c7e3) Importer(815301076,1909f56bfc062723c751e8b465ee728b)  -> (artifact id: '0704259808ca349c4248ad3da4177325') in 0.015262 seconds 
  Import took 0.022639 seconds .

========================================================================
Received Import Request.
  Time since last request: 0.000144 seconds.
  path: Assets/Player/Anim/Male/Animations/Exploration/m@Idle.fbx
  artifactKey: Guid(77ebce5437875674da8b297c3eed5d1a) Importer(815301076,1909f56bfc062723c751e8b465ee728b)
Start importing Assets/Player/Anim/Male/Animations/Exploration/m@Idle.fbx using Guid(77ebce5437875674da8b297c3eed5d1a) Importer(815301076,1909f56bfc062723c751e8b465ee728b)  -> (artifact id: '0da68dd066f742b29defc8bf922495e4') in 0.014492 seconds 
  Import took 0.021789 seconds .

========================================================================
Received Import Request.
  Time since last request: 0.000226 seconds.
  path: Assets/Player/Anim/Male/Animations/Strafe/m@RapidStrafeForwards.fbx
  artifactKey: Guid(6edf1dc8721fc4ff7ad920aece8abf67) Importer(815301076,1909f56bfc062723c751e8b465ee728b)
Start importing Assets/Player/Anim/Male/Animations/Strafe/m@RapidStrafeForwards.fbx using Guid(6edf1dc8721fc4ff7ad920aece8abf67) Importer(815301076,1909f56bfc062723c751e8b465ee728b)  -> (artifact id: '41e428b02b207b7fef4518473c4299ad') in 0.012048 seconds 
  Import took 0.020149 seconds .

========================================================================
Received Import Request.
  Time since last request: 0.000179 seconds.
  path: Assets/Player/Anim/Male/Animations/Aerial/Landing/m@FallLand.fbx
  artifactKey: Guid(27c8c0d990291ad4b99df19c3a7fa74c) Importer(815301076,1909f56bfc062723c751e8b465ee728b)
Start importing Assets/Player/Anim/Male/Animations/Aerial/Landing/m@FallLand.fbx using Guid(27c8c0d990291ad4b99df19c3a7fa74c) Importer(815301076,1909f56bfc062723c751e8b465ee728b)  -> (artifact id: '881b7ff9251761eb5b68dd4f150c4f4b') in 0.014328 seconds 
  Import took 0.021356 seconds .

========================================================================
Received Import Request.
  Time since last request: 0.000187 seconds.
  path: Assets/Player/Anim/Male/Animations/Strafe/Turning/RapidTurnLeft/m@RapidStrafeForwardsRapidTurnLeft.fbx
  artifactKey: Guid(36caba08c6c75ea4390f34a48ad72ece) Importer(815301076,1909f56bfc062723c751e8b465ee728b)
Start importing Assets/Player/Anim/Male/Animations/Strafe/Turning/RapidTurnLeft/m@RapidStrafeForwardsRapidTurnLeft.fbx using Guid(36caba08c6c75ea4390f34a48ad72ece) Importer(815301076,1909f56bfc062723c751e8b465ee728b)  -> (artifact id: '560cc6badb890b632d85961e5327b0a2') in 0.014583 seconds 
  Import took 0.021723 seconds .

========================================================================
Received Import Request.
  Time since last request: 0.000153 seconds.
  path: Assets/Player/Anim/Male/Animations/Strafe/Turning/RapidTurnRight/m@RapidStrafeRightRapidTurnRight.fbx
  artifactKey: Guid(995b7c41058d6b7498a1e8482416ce1e) Importer(815301076,1909f56bfc062723c751e8b465ee728b)
Start importing Assets/Player/Anim/Male/Animations/Strafe/Turning/RapidTurnRight/m@RapidStrafeRightRapidTurnRight.fbx using Guid(995b7c41058d6b7498a1e8482416ce1e) Importer(815301076,1909f56bfc062723c751e8b465ee728b)  -> (artifact id: '56a2faeb4ff602553b7e740298d6103f') in 0.014216 seconds 
  Import took 0.021275 seconds .

========================================================================
Received Import Request.
  Time since last request: 0.000155 seconds.
  path: Assets/Player/Anim/Male/Animations/Strafe/Turning/RapidTurnLeft/m@RapidStrafeRightRapidTurnLeftWalkBackwards.fbx
  artifactKey: Guid(4f5942a4f54a3334093ee3d556e5d5ab) Importer(815301076,1909f56bfc062723c751e8b465ee728b)
Start importing Assets/Player/Anim/Male/Animations/Strafe/Turning/RapidTurnLeft/m@RapidStrafeRightRapidTurnLeftWalkBackwards.fbx using Guid(4f5942a4f54a3334093ee3d556e5d5ab) Importer(815301076,1909f56bfc062723c751e8b465ee728b)  -> (artifact id: 'c8bf8a9f88b9ac9f01122830323e9252') in 0.013646 seconds 
  Import took 0.020546 seconds .

========================================================================
Received Import Request.
  Time since last request: 0.000164 seconds.
  path: Assets/Player/Anim/Male/Animations/Strafe/Turning/RapidTurnRight/m@RapidStrafeRightRapidTurnRightRunBackwards.fbx
  artifactKey: Guid(65ee4da31ab94144faa60e1dc4321ad8) Importer(815301076,1909f56bfc062723c751e8b465ee728b)
Start importing Assets/Player/Anim/Male/Animations/Strafe/Turning/RapidTurnRight/m@RapidStrafeRightRapidTurnRightRunBackwards.fbx using Guid(65ee4da31ab94144faa60e1dc4321ad8) Importer(815301076,1909f56bfc062723c751e8b465ee728b)  -> (artifact id: '7bf5ab335c33f9eb6f36e8ff6cd98cb4') in 0.014105 seconds 
  Import took 0.020975 seconds .

========================================================================
Received Import Request.
  Time since last request: 3.155997 seconds.
  path: Assets/Player/Anim/Male/Animations/Aerial/Jump/RunningJump/m@RunForwardsJump_Frame01.fbx
  artifactKey: Guid(8c093e122a327463595440bb261f3bc9) Importer(815301076,1909f56bfc062723c751e8b465ee728b)
Start importing Assets/Player/Anim/Male/Animations/Aerial/Jump/RunningJump/m@RunForwardsJump_Frame01.fbx using Guid(8c093e122a327463595440bb261f3bc9) Importer(815301076,1909f56bfc062723c751e8b465ee728b)  -> (artifact id: '7be33ff45d35d3fc73aa574c24bea626') in 0.012714 seconds 
  Import took 0.019441 seconds .

========================================================================
Received Import Request.
  Time since last request: 0.000228 seconds.
  path: Assets/Player/Anim/Male/Animations/Aerial/Jump/SprintingJump/m@SprintForwardsJump_Frame04.fbx
  artifactKey: Guid(b9709ec07d31c490cacc8a490fa9fef0) Importer(815301076,1909f56bfc062723c751e8b465ee728b)
Start importing Assets/Player/Anim/Male/Animations/Aerial/Jump/SprintingJump/m@SprintForwardsJump_Frame04.fbx using Guid(b9709ec07d31c490cacc8a490fa9fef0) Importer(815301076,1909f56bfc062723c751e8b465ee728b)  -> (artifact id: '90f66bc3e786ef91f75869535b13b035') in 0.013811 seconds 
  Import took 0.020098 seconds .

========================================================================
Received Import Request.
  Time since last request: 0.000215 seconds.
  path: Assets/Player/Anim/Male/Animations/Aerial/Jump/IdleJump/m@StandingJump_Frame03.fbx
  artifactKey: Guid(4411a11368cfc4d1e8fc6d5f58fb800f) Importer(815301076,1909f56bfc062723c751e8b465ee728b)
Start importing Assets/Player/Anim/Male/Animations/Aerial/Jump/IdleJump/m@StandingJump_Frame03.fbx using Guid(4411a11368cfc4d1e8fc6d5f58fb800f) Importer(815301076,1909f56bfc062723c751e8b465ee728b)  -> (artifact id: 'b7ce5f6e00b527353be6f004846b852a') in 0.013550 seconds 
  Import took 0.019981 seconds .

========================================================================
Received Import Request.
  Time since last request: 0.000254 seconds.
  path: Assets/Player/Anim/Male/Animations/Aerial/Jump/IdleJump/m@StandingJump_Frame04.fbx
  artifactKey: Guid(274c48e7eb57746538ffbd7c4f127e4f) Importer(815301076,1909f56bfc062723c751e8b465ee728b)
Start importing Assets/Player/Anim/Male/Animations/Aerial/Jump/IdleJump/m@StandingJump_Frame04.fbx using Guid(274c48e7eb57746538ffbd7c4f127e4f) Importer(815301076,1909f56bfc062723c751e8b465ee728b)  -> (artifact id: 'aec902d4e2730e7e7a2a2ef7d9234c13') in 0.013812 seconds 
  Import took 0.020752 seconds .

========================================================================
Received Import Request.
  Time since last request: 0.000199 seconds.
  path: Assets/Player/Anim/Male/Animations/Aerial/Jump/SprintingJump/m@SprintForwardsJump_Frame03.fbx
  artifactKey: Guid(77a3812fd893546f09bb8e45fd549edd) Importer(815301076,1909f56bfc062723c751e8b465ee728b)
Start importing Assets/Player/Anim/Male/Animations/Aerial/Jump/SprintingJump/m@SprintForwardsJump_Frame03.fbx using Guid(77a3812fd893546f09bb8e45fd549edd) Importer(815301076,1909f56bfc062723c751e8b465ee728b)  -> (artifact id: 'f6840736afcd7caaddb1272538bd63ec') in 0.013946 seconds 
  Import took 0.020897 seconds .

========================================================================
Received Import Request.
  Time since last request: 0.000247 seconds.
  path: Assets/Player/Anim/Male/Animations/Aerial/Jump/IdleJump/m@StandingJump_Frame01.fbx
  artifactKey: Guid(ccda7fde4e0f94ab2b955bdf24adbc56) Importer(815301076,1909f56bfc062723c751e8b465ee728b)
Start importing Assets/Player/Anim/Male/Animations/Aerial/Jump/IdleJump/m@StandingJump_Frame01.fbx using Guid(ccda7fde4e0f94ab2b955bdf24adbc56) Importer(815301076,1909f56bfc062723c751e8b465ee728b)  -> (artifact id: '82ec78a332500fc78830e9a85ddb386a') in 0.013838 seconds 
  Import took 0.020137 seconds .

========================================================================
Received Import Request.
  Time since last request: 0.000219 seconds.
  path: Assets/Player/Anim/Male/Animations/Aerial/Jump/IdleJump/m@StandingJump_Frame02.fbx
  artifactKey: Guid(058001cbf5d724acfbe2d118dbd2db45) Importer(815301076,1909f56bfc062723c751e8b465ee728b)
Start importing Assets/Player/Anim/Male/Animations/Aerial/Jump/IdleJump/m@StandingJump_Frame02.fbx using Guid(058001cbf5d724acfbe2d118dbd2db45) Importer(815301076,1909f56bfc062723c751e8b465ee728b)  -> (artifact id: '1f0059eea746fa885a47572c4653077b') in 0.013840 seconds 
  Import took 0.020390 seconds .

========================================================================
Received Import Request.
  Time since last request: 0.000233 seconds.
  path: Assets/Player/Anim/Male/Animations/Aerial/Jump/RunningJump/m@RunForwardsJump_Frame03.fbx
  artifactKey: Guid(4eafe61eccc3d45238033005a3e0b5ff) Importer(815301076,1909f56bfc062723c751e8b465ee728b)
Start importing Assets/Player/Anim/Male/Animations/Aerial/Jump/RunningJump/m@RunForwardsJump_Frame03.fbx using Guid(4eafe61eccc3d45238033005a3e0b5ff) Importer(815301076,1909f56bfc062723c751e8b465ee728b)  -> (artifact id: 'd175a2505a9a79641e750d8713ec0211') in 0.013475 seconds 
  Import took 0.020171 seconds .

========================================================================
Received Import Request.
  Time since last request: 0.000289 seconds.
  path: Assets/Player/Anim/Male/Animations/Aerial/Jump/SprintingJump/m@SprintForwardsJump_Frame01.fbx
  artifactKey: Guid(be3e601dc676c444f847ab738d27d7d3) Importer(815301076,1909f56bfc062723c751e8b465ee728b)
Start importing Assets/Player/Anim/Male/Animations/Aerial/Jump/SprintingJump/m@SprintForwardsJump_Frame01.fbx using Guid(be3e601dc676c444f847ab738d27d7d3) Importer(815301076,1909f56bfc062723c751e8b465ee728b)  -> (artifact id: '470300c7fc36f488dfe0e9649d94c176') in 0.014081 seconds 
  Import took 0.020651 seconds .

========================================================================
Received Import Request.
  Time since last request: 0.000240 seconds.
  path: Assets/Player/Anim/Male/Animations/Aerial/Jump/RunningJump/m@RunForwardsJump_Frame02.fbx
  artifactKey: Guid(b5fe4d622d20f4a1ba07b37e3a032e84) Importer(815301076,1909f56bfc062723c751e8b465ee728b)
Start importing Assets/Player/Anim/Male/Animations/Aerial/Jump/RunningJump/m@RunForwardsJump_Frame02.fbx using Guid(b5fe4d622d20f4a1ba07b37e3a032e84) Importer(815301076,1909f56bfc062723c751e8b465ee728b)  -> (artifact id: '364c1bd0f96027468f7023bf26fed1ab') in 0.013436 seconds 
  Import took 0.020062 seconds .

========================================================================
Received Import Request.
  Time since last request: 0.000234 seconds.
  path: Assets/Player/Anim/Male/Animations/Aerial/Jump/SprintingJump/m@SprintForwardsJump_Frame02.fbx
  artifactKey: Guid(e88d9970a865a4f868ac45db7e1db665) Importer(815301076,1909f56bfc062723c751e8b465ee728b)
Start importing Assets/Player/Anim/Male/Animations/Aerial/Jump/SprintingJump/m@SprintForwardsJump_Frame02.fbx using Guid(e88d9970a865a4f868ac45db7e1db665) Importer(815301076,1909f56bfc062723c751e8b465ee728b)  -> (artifact id: '4ae72205f786584b14e1da342b9dfc43') in 0.013167 seconds 
  Import took 0.019637 seconds .

========================================================================
Received Import Request.
  Time since last request: 0.000208 seconds.
  path: Assets/Player/Anim/Male/Animations/Aerial/Jump/RunningJump/m@RunForwardsJump_Frame04.fbx
  artifactKey: Guid(b6ee60ce34abe4b4c83ffb8e05d0b3b7) Importer(815301076,1909f56bfc062723c751e8b465ee728b)
Start importing Assets/Player/Anim/Male/Animations/Aerial/Jump/RunningJump/m@RunForwardsJump_Frame04.fbx using Guid(b6ee60ce34abe4b4c83ffb8e05d0b3b7) Importer(815301076,1909f56bfc062723c751e8b465ee728b)  -> (artifact id: 'a26a1f49d881e4548ef26dc260d44788') in 0.013933 seconds 
  Import took 0.020364 seconds .

========================================================================
Received Prepare
Registering precompiled user dll's ...
Registered in 0.005897 seconds.
Begin MonoManager ReloadAssembly
Native extension for WindowsStandalone target not found
Refreshing native plugins compatible for Editor in 0.87 ms, found 3 plugins.
Preloading 0 native plugins for Editor in 0.00 ms.
Mono: successfully reloaded assembly
- Completed reload, in  1.545 seconds
Domain Reload Profiling:
	ReloadAssembly (1546ms)
		BeginReloadAssembly (136ms)
			ExecutionOrderSort (0ms)
			DisableScriptedObjects (5ms)
			BackupInstance (0ms)
			ReleaseScriptingObjects (0ms)
			CreateAndSetChildDomain (40ms)
		EndReloadAssembly (1352ms)
			LoadAssemblies (104ms)
			RebuildTransferFunctionScriptingTraits (0ms)
			SetupTypeCache (312ms)
			ReleaseScriptCaches (2ms)
			RebuildScriptCaches (65ms)
			SetupLoadedEditorAssemblies (766ms)
				LogAssemblyErrors (0ms)
				InitializePlatformSupportModulesInManaged (3ms)
				SetLoadedEditorAssemblies (0ms)
				RefreshPlugins (1ms)
				BeforeProcessingInitializeOnLoad (91ms)
				ProcessInitializeOnLoadAttributes (655ms)
				ProcessInitializeOnLoadMethodAttributes (11ms)
				AfterProcessingInitializeOnLoad (5ms)
				EditorAssembliesLoaded (0ms)
			ExecutionOrderSort2 (0ms)
			AwakeInstancesAfterBackupRestoration (12ms)
Platform modules already initialized, skipping
Refreshing native plugins compatible for Editor in 0.80 ms, found 3 plugins.
Preloading 0 native plugins for Editor in 0.00 ms.
Unloading 4622 Unused Serialized files (Serialized files now loaded: 0)
System memory in use before: 285.3 MB.
System memory in use after: 285.5 MB.

Unloading 21 unused Assets to reduce memory usage. Loaded Objects now: 5353.
Total: 4.023000 ms (FindLiveObjects: 0.406700 ms CreateObjectMapping: 0.303600 ms MarkObjects: 3.214800 ms  DeleteObjects: 0.097200 ms)

AssetImportParameters requested are different than current active one (requested -> active):
  custom:framework-win-MediaFoundation: 216162199b28c13a410421893ffa2e32 -> 
  custom:video-decoder-ogg-theora: a1e56fd34408186e4bbccfd4996cb3dc -> 
  custom:container-muxer-webm: aa71ff27fc2769a1b78a27578f13a17b -> 
  custom:container-demuxer-webm: 4f35f7cbe854078d1ac9338744f61a02 -> 
  custom:container-demuxer-ogg: 62fdf1f143b41e24485cea50d1cbac27 -> 
  custom:video-encoder-webm-vp8: eb34c28f22e8b96e1ab97ce403110664 -> 
  custom:video-codec-MediaFoundation-h265: 746d11721c4dcdbdad8f713fa42b33f4 -> 
  custom:video-decoder-webm-vp8: 9c59270c3fd7afecdb556c50c9e8de78 -> 
  custom:audio-decoder-ogg-vorbis: bf7c407c2cedff20999df2af8eb42d56 -> 
  custom:audio-encoder-webm-vorbis: bf7c407c2cedff20999df2af8eb42d56 -> 
========================================================================
Received Import Request.
  Time since last request: 313.080449 seconds.
  path: Assets/Material/boxes 3.mat
  artifactKey: Guid(1df79efb9cfd43342b4dfd30bd56e0c8) Importer(815301076,1909f56bfc062723c751e8b465ee728b)
Start importing Assets/Material/boxes 3.mat using Guid(1df79efb9cfd43342b4dfd30bd56e0c8) Importer(815301076,1909f56bfc062723c751e8b465ee728b)  -> (artifact id: '013bb56a8f3be900ad9264c00471d359') in 0.159752 seconds 
  Import took 0.166927 seconds .

========================================================================
Received Import Request.
  Time since last request: 7.375033 seconds.
  path: Assets/Material/cubes.mat
  artifactKey: Guid(9f6eaf87389ea3f42949d2ff7f87acfa) Importer(815301076,1909f56bfc062723c751e8b465ee728b)
Start importing Assets/Material/cubes.mat using Guid(9f6eaf87389ea3f42949d2ff7f87acfa) Importer(815301076,1909f56bfc062723c751e8b465ee728b)  -> (artifact id: 'ba59333749e33129b3508588bb37756c') in 0.013288 seconds 
  Import took 0.020452 seconds .

========================================================================
Received Import Request.
  Time since last request: 55.872581 seconds.
  path: Assets/Cube.prefab
  artifactKey: Guid(311ce6cb728297648a4c0259cedeb573) Importer(815301076,1909f56bfc062723c751e8b465ee728b)
Start importing Assets/Cube.prefab using Guid(311ce6cb728297648a4c0259cedeb573) Importer(815301076,1909f56bfc062723c751e8b465ee728b)  -> (artifact id: 'a6a43f5e512d8e9e7a35dc562c06a2a4') in 0.021914 seconds 
  Import took 0.029089 seconds .

========================================================================
Received Prepare
Registering precompiled user dll's ...
Registered in 0.006392 seconds.
Begin MonoManager ReloadAssembly
Native extension for WindowsStandalone target not found
Refreshing native plugins compatible for Editor in 0.81 ms, found 3 plugins.
Preloading 0 native plugins for Editor in 0.00 ms.
Mono: successfully reloaded assembly
- Completed reload, in  1.680 seconds
Domain Reload Profiling:
	ReloadAssembly (1681ms)
		BeginReloadAssembly (157ms)
			ExecutionOrderSort (0ms)
			DisableScriptedObjects (7ms)
			BackupInstance (0ms)
			ReleaseScriptingObjects (0ms)
			CreateAndSetChildDomain (59ms)
		EndReloadAssembly (1470ms)
			LoadAssemblies (111ms)
			RebuildTransferFunctionScriptingTraits (0ms)
			SetupTypeCache (344ms)
			ReleaseScriptCaches (2ms)
			RebuildScriptCaches (72ms)
			SetupLoadedEditorAssemblies (832ms)
				LogAssemblyErrors (0ms)
				InitializePlatformSupportModulesInManaged (3ms)
				SetLoadedEditorAssemblies (0ms)
				RefreshPlugins (1ms)
				BeforeProcessingInitializeOnLoad (107ms)
				ProcessInitializeOnLoadAttributes (703ms)
				ProcessInitializeOnLoadMethodAttributes (12ms)
				AfterProcessingInitializeOnLoad (5ms)
				EditorAssembliesLoaded (0ms)
			ExecutionOrderSort2 (0ms)
			AwakeInstancesAfterBackupRestoration (12ms)
Platform modules already initialized, skipping
Refreshing native plugins compatible for Editor in 0.92 ms, found 3 plugins.
Preloading 0 native plugins for Editor in 0.00 ms.
Unloading 4622 Unused Serialized files (Serialized files now loaded: 0)
System memory in use before: 285.9 MB.
System memory in use after: 286.1 MB.

Unloading 21 unused Assets to reduce memory usage. Loaded Objects now: 5426.
Total: 5.397100 ms (FindLiveObjects: 0.540100 ms CreateObjectMapping: 0.700400 ms MarkObjects: 4.020100 ms  DeleteObjects: 0.134900 ms)

AssetImportParameters requested are different than current active one (requested -> active):
  custom:framework-win-MediaFoundation: 216162199b28c13a410421893ffa2e32 -> 
  custom:video-decoder-ogg-theora: a1e56fd34408186e4bbccfd4996cb3dc -> 
  custom:container-muxer-webm: aa71ff27fc2769a1b78a27578f13a17b -> 
  custom:container-demuxer-webm: 4f35f7cbe854078d1ac9338744f61a02 -> 
  custom:container-demuxer-ogg: 62fdf1f143b41e24485cea50d1cbac27 -> 
  custom:video-encoder-webm-vp8: eb34c28f22e8b96e1ab97ce403110664 -> 
  custom:video-codec-MediaFoundation-h265: 746d11721c4dcdbdad8f713fa42b33f4 -> 
  custom:video-decoder-webm-vp8: 9c59270c3fd7afecdb556c50c9e8de78 -> 
  custom:audio-decoder-ogg-vorbis: bf7c407c2cedff20999df2af8eb42d56 -> 
  custom:audio-encoder-webm-vorbis: bf7c407c2cedff20999df2af8eb42d56 -> 
========================================================================
Received Prepare
Registering precompiled user dll's ...
Registered in 0.006035 seconds.
Begin MonoManager ReloadAssembly
Native extension for WindowsStandalone target not found
Refreshing native plugins compatible for Editor in 0.96 ms, found 3 plugins.
Preloading 0 native plugins for Editor in 0.00 ms.
Mono: successfully reloaded assembly
- Completed reload, in  1.614 seconds
Domain Reload Profiling:
	ReloadAssembly (1615ms)
		BeginReloadAssembly (124ms)
			ExecutionOrderSort (0ms)
			DisableScriptedObjects (5ms)
			BackupInstance (0ms)
			ReleaseScriptingObjects (0ms)
			CreateAndSetChildDomain (40ms)
		EndReloadAssembly (1440ms)
			LoadAssemblies (104ms)
			RebuildTransferFunctionScriptingTraits (0ms)
			SetupTypeCache (332ms)
			ReleaseScriptCaches (2ms)
			RebuildScriptCaches (70ms)
			SetupLoadedEditorAssemblies (816ms)
				LogAssemblyErrors (0ms)
				InitializePlatformSupportModulesInManaged (3ms)
				SetLoadedEditorAssemblies (0ms)
				RefreshPlugins (1ms)
				BeforeProcessingInitializeOnLoad (94ms)
				ProcessInitializeOnLoadAttributes (698ms)
				ProcessInitializeOnLoadMethodAttributes (13ms)
				AfterProcessingInitializeOnLoad (5ms)
				EditorAssembliesLoaded (0ms)
			ExecutionOrderSort2 (0ms)
			AwakeInstancesAfterBackupRestoration (13ms)
Platform modules already initialized, skipping
Refreshing native plugins compatible for Editor in 1.06 ms, found 3 plugins.
Preloading 0 native plugins for Editor in 0.00 ms.
Unloading 4622 Unused Serialized files (Serialized files now loaded: 0)
System memory in use before: 285.8 MB.
System memory in use after: 286.0 MB.

Unloading 21 unused Assets to reduce memory usage. Loaded Objects now: 5429.
Total: 4.133800 ms (FindLiveObjects: 0.389600 ms CreateObjectMapping: 0.260900 ms MarkObjects: 3.327000 ms  DeleteObjects: 0.154500 ms)

AssetImportParameters requested are different than current active one (requested -> active):
  custom:framework-win-MediaFoundation: 216162199b28c13a410421893ffa2e32 -> 
  custom:video-decoder-ogg-theora: a1e56fd34408186e4bbccfd4996cb3dc -> 
  custom:container-muxer-webm: aa71ff27fc2769a1b78a27578f13a17b -> 
  custom:container-demuxer-webm: 4f35f7cbe854078d1ac9338744f61a02 -> 
  custom:container-demuxer-ogg: 62fdf1f143b41e24485cea50d1cbac27 -> 
  custom:video-encoder-webm-vp8: eb34c28f22e8b96e1ab97ce403110664 -> 
  custom:video-codec-MediaFoundation-h265: 746d11721c4dcdbdad8f713fa42b33f4 -> 
  custom:video-decoder-webm-vp8: 9c59270c3fd7afecdb556c50c9e8de78 -> 
  custom:audio-decoder-ogg-vorbis: bf7c407c2cedff20999df2af8eb42d56 -> 
  custom:audio-encoder-webm-vorbis: bf7c407c2cedff20999df2af8eb42d56 -> 
========================================================================
Received Prepare
Registering precompiled user dll's ...
Registered in 0.005650 seconds.
Begin MonoManager ReloadAssembly
Native extension for WindowsStandalone target not found
Refreshing native plugins compatible for Editor in 0.81 ms, found 3 plugins.
Preloading 0 native plugins for Editor in 0.00 ms.
Mono: successfully reloaded assembly
- Completed reload, in  1.500 seconds
Domain Reload Profiling:
	ReloadAssembly (1500ms)
		BeginReloadAssembly (119ms)
			ExecutionOrderSort (0ms)
			DisableScriptedObjects (4ms)
			BackupInstance (0ms)
			ReleaseScriptingObjects (0ms)
			CreateAndSetChildDomain (36ms)
		EndReloadAssembly (1325ms)
			LoadAssemblies (101ms)
			RebuildTransferFunctionScriptingTraits (0ms)
			SetupTypeCache (296ms)
			ReleaseScriptCaches (2ms)
			RebuildScriptCaches (65ms)
			SetupLoadedEditorAssemblies (763ms)
				LogAssemblyErrors (0ms)
				InitializePlatformSupportModulesInManaged (3ms)
				SetLoadedEditorAssemblies (0ms)
				RefreshPlugins (1ms)
				BeforeProcessingInitializeOnLoad (92ms)
				ProcessInitializeOnLoadAttributes (651ms)
				ProcessInitializeOnLoadMethodAttributes (11ms)
				AfterProcessingInitializeOnLoad (5ms)
				EditorAssembliesLoaded (0ms)
			ExecutionOrderSort2 (0ms)
			AwakeInstancesAfterBackupRestoration (11ms)
Platform modules already initialized, skipping
Refreshing native plugins compatible for Editor in 0.85 ms, found 3 plugins.
Preloading 0 native plugins for Editor in 0.00 ms.
Unloading 4622 Unused Serialized files (Serialized files now loaded: 0)
System memory in use before: 285.8 MB.
System memory in use after: 286.0 MB.

Unloading 21 unused Assets to reduce memory usage. Loaded Objects now: 5432.
Total: 3.707000 ms (FindLiveObjects: 0.319600 ms CreateObjectMapping: 0.194400 ms MarkObjects: 3.091300 ms  DeleteObjects: 0.101000 ms)

AssetImportParameters requested are different than current active one (requested -> active):
  custom:framework-win-MediaFoundation: 216162199b28c13a410421893ffa2e32 -> 
  custom:video-decoder-ogg-theora: a1e56fd34408186e4bbccfd4996cb3dc -> 
  custom:container-muxer-webm: aa71ff27fc2769a1b78a27578f13a17b -> 
  custom:container-demuxer-webm: 4f35f7cbe854078d1ac9338744f61a02 -> 
  custom:container-demuxer-ogg: 62fdf1f143b41e24485cea50d1cbac27 -> 
  custom:video-encoder-webm-vp8: eb34c28f22e8b96e1ab97ce403110664 -> 
  custom:video-codec-MediaFoundation-h265: 746d11721c4dcdbdad8f713fa42b33f4 -> 
  custom:video-decoder-webm-vp8: 9c59270c3fd7afecdb556c50c9e8de78 -> 
  custom:audio-decoder-ogg-vorbis: bf7c407c2cedff20999df2af8eb42d56 -> 
  custom:audio-encoder-webm-vorbis: bf7c407c2cedff20999df2af8eb42d56 -> 
========================================================================
Received Prepare
Registering precompiled user dll's ...
Registered in 0.005831 seconds.
Begin MonoManager ReloadAssembly
Native extension for WindowsStandalone target not found
Refreshing native plugins compatible for Editor in 0.81 ms, found 3 plugins.
Preloading 0 native plugins for Editor in 0.00 ms.
Mono: successfully reloaded assembly
- Completed reload, in  1.582 seconds
Domain Reload Profiling:
	ReloadAssembly (1582ms)
		BeginReloadAssembly (118ms)
			ExecutionOrderSort (0ms)
			DisableScriptedObjects (4ms)
			BackupInstance (0ms)
			ReleaseScriptingObjects (0ms)
			CreateAndSetChildDomain (36ms)
		EndReloadAssembly (1409ms)
			LoadAssemblies (103ms)
			RebuildTransferFunctionScriptingTraits (0ms)
			SetupTypeCache (308ms)
			ReleaseScriptCaches (2ms)
			RebuildScriptCaches (66ms)
			SetupLoadedEditorAssemblies (823ms)
				LogAssemblyErrors (0ms)
				InitializePlatformSupportModulesInManaged (3ms)
				SetLoadedEditorAssemblies (0ms)
				RefreshPlugins (1ms)
				BeforeProcessingInitializeOnLoad (91ms)
				ProcessInitializeOnLoadAttributes (709ms)
				ProcessInitializeOnLoadMethodAttributes (13ms)
				AfterProcessingInitializeOnLoad (5ms)
				EditorAssembliesLoaded (0ms)
			ExecutionOrderSort2 (0ms)
			AwakeInstancesAfterBackupRestoration (13ms)
Platform modules already initialized, skipping
Refreshing native plugins compatible for Editor in 0.82 ms, found 3 plugins.
Preloading 0 native plugins for Editor in 0.00 ms.
Unloading 4622 Unused Serialized files (Serialized files now loaded: 0)
System memory in use before: 285.6 MB.
System memory in use after: 285.8 MB.

Unloading 21 unused Assets to reduce memory usage. Loaded Objects now: 5435.
Total: 3.494600 ms (FindLiveObjects: 0.304000 ms CreateObjectMapping: 0.202900 ms MarkObjects: 2.887800 ms  DeleteObjects: 0.099400 ms)

AssetImportParameters requested are different than current active one (requested -> active):
  custom:framework-win-MediaFoundation: 216162199b28c13a410421893ffa2e32 -> 
  custom:video-decoder-ogg-theora: a1e56fd34408186e4bbccfd4996cb3dc -> 
  custom:container-muxer-webm: aa71ff27fc2769a1b78a27578f13a17b -> 
  custom:container-demuxer-webm: 4f35f7cbe854078d1ac9338744f61a02 -> 
  custom:container-demuxer-ogg: 62fdf1f143b41e24485cea50d1cbac27 -> 
  custom:video-encoder-webm-vp8: eb34c28f22e8b96e1ab97ce403110664 -> 
  custom:video-codec-MediaFoundation-h265: 746d11721c4dcdbdad8f713fa42b33f4 -> 
  custom:video-decoder-webm-vp8: 9c59270c3fd7afecdb556c50c9e8de78 -> 
  custom:audio-decoder-ogg-vorbis: bf7c407c2cedff20999df2af8eb42d56 -> 
  custom:audio-encoder-webm-vorbis: bf7c407c2cedff20999df2af8eb42d56 -> 
========================================================================
Received Prepare
Registering precompiled user dll's ...
Registered in 0.007632 seconds.
Begin MonoManager ReloadAssembly
Native extension for WindowsStandalone target not found
Refreshing native plugins compatible for Editor in 0.82 ms, found 3 plugins.
Preloading 0 native plugins for Editor in 0.00 ms.
Mono: successfully reloaded assembly
- Completed reload, in  1.570 seconds
Domain Reload Profiling:
	ReloadAssembly (1571ms)
		BeginReloadAssembly (140ms)
			ExecutionOrderSort (0ms)
			DisableScriptedObjects (4ms)
			BackupInstance (0ms)
			ReleaseScriptingObjects (0ms)
			CreateAndSetChildDomain (39ms)
		EndReloadAssembly (1375ms)
			LoadAssemblies (122ms)
			RebuildTransferFunctionScriptingTraits (0ms)
			SetupTypeCache (312ms)
			ReleaseScriptCaches (2ms)
			RebuildScriptCaches (65ms)
			SetupLoadedEditorAssemblies (791ms)
				LogAssemblyErrors (0ms)
				InitializePlatformSupportModulesInManaged (3ms)
				SetLoadedEditorAssemblies (0ms)
				RefreshPlugins (1ms)
				BeforeProcessingInitializeOnLoad (109ms)
				ProcessInitializeOnLoadAttributes (660ms)
				ProcessInitializeOnLoadMethodAttributes (12ms)
				AfterProcessingInitializeOnLoad (5ms)
				EditorAssembliesLoaded (0ms)
			ExecutionOrderSort2 (0ms)
			AwakeInstancesAfterBackupRestoration (12ms)
Platform modules already initialized, skipping
Refreshing native plugins compatible for Editor in 0.91 ms, found 3 plugins.
Preloading 0 native plugins for Editor in 0.00 ms.
Unloading 4622 Unused Serialized files (Serialized files now loaded: 0)
System memory in use before: 285.8 MB.
System memory in use after: 286.0 MB.

Unloading 21 unused Assets to reduce memory usage. Loaded Objects now: 5438.
Total: 4.168200 ms (FindLiveObjects: 0.322000 ms CreateObjectMapping: 0.206000 ms MarkObjects: 3.491700 ms  DeleteObjects: 0.147500 ms)

AssetImportParameters requested are different than current active one (requested -> active):
  custom:framework-win-MediaFoundation: 216162199b28c13a410421893ffa2e32 -> 
  custom:video-decoder-ogg-theora: a1e56fd34408186e4bbccfd4996cb3dc -> 
  custom:container-muxer-webm: aa71ff27fc2769a1b78a27578f13a17b -> 
  custom:container-demuxer-webm: 4f35f7cbe854078d1ac9338744f61a02 -> 
  custom:container-demuxer-ogg: 62fdf1f143b41e24485cea50d1cbac27 -> 
  custom:video-encoder-webm-vp8: eb34c28f22e8b96e1ab97ce403110664 -> 
  custom:video-codec-MediaFoundation-h265: 746d11721c4dcdbdad8f713fa42b33f4 -> 
  custom:video-decoder-webm-vp8: 9c59270c3fd7afecdb556c50c9e8de78 -> 
  custom:audio-decoder-ogg-vorbis: bf7c407c2cedff20999df2af8eb42d56 -> 
  custom:audio-encoder-webm-vorbis: bf7c407c2cedff20999df2af8eb42d56 -> 
AssetImportWorkerClient::OnTransportError - code=2 error=End of file
